CRITICAL - 2024-12-21 00:53:19 --> CodeIgniter\HTTP\Exceptions\BadRequestException: The URI you submitted has disallowed characters: "Materiales de vidrio como botellas, ventanas, espejos"
[Method: GET, Route: categoria/insertarCategoria/4/Vidrio/Materiales%20de%20vidrio%20como%20botellas,%20ventanas,%20espejos]
in SYSTEMPATH\Router\Router.php on line 736.
 1 SYSTEMPATH\Router\Router.php(203): CodeIgniter\Router\Router->checkDisallowedChars('categoria/insertarCategoria/4/Vidrio/Materiales de vidrio como botellas, ventanas, espejos')
 2 SYSTEMPATH\CodeIgniter.php(834): CodeIgniter\Router\Router->handle('categoria/insertarCategoria/4/Vidrio/Materiales de vidrio como botellas, ventanas, espejos')
 3 SYSTEMPATH\CodeIgniter.php(457): CodeIgniter\CodeIgniter->tryToRouteIt(Object(CodeIgniter\Router\RouteCollection))
 4 SYSTEMPATH\CodeIgniter.php(355): CodeIgniter\CodeIgniter->handleRequest(null, Object(Config\Cache), false)
 5 SYSTEMPATH\Boot.php(312): CodeIgniter\CodeIgniter->run()
 6 SYSTEMPATH\Boot.php(67): CodeIgniter\Boot::runCodeIgniter(Object(CodeIgniter\CodeIgniter))
 7 FCPATH\index.php(57): CodeIgniter\Boot::bootWeb(Object(Config\Paths))
CRITICAL - 2024-12-21 00:57:43 --> CodeIgniter\HTTP\Exceptions\BadRequestException: The URI you submitted has disallowed characters: "Materiales de vidrio como botellas, ventanas, espejos"
[Method: GET, Route: categoria/insertarCategoria/4/Vidrio/Materiales%20de%20vidrio%20como%20botellas,%20ventanas,%20espejos]
in SYSTEMPATH\Router\Router.php on line 736.
 1 SYSTEMPATH\Router\Router.php(203): CodeIgniter\Router\Router->checkDisallowedChars('categoria/insertarCategoria/4/Vidrio/Materiales de vidrio como botellas, ventanas, espejos')
 2 SYSTEMPATH\CodeIgniter.php(834): CodeIgniter\Router\Router->handle('categoria/insertarCategoria/4/Vidrio/Materiales de vidrio como botellas, ventanas, espejos')
 3 SYSTEMPATH\CodeIgniter.php(457): CodeIgniter\CodeIgniter->tryToRouteIt(Object(CodeIgniter\Router\RouteCollection))
 4 SYSTEMPATH\CodeIgniter.php(355): CodeIgniter\CodeIgniter->handleRequest(null, Object(Config\Cache), false)
 5 SYSTEMPATH\Boot.php(312): CodeIgniter\CodeIgniter->run()
 6 SYSTEMPATH\Boot.php(67): CodeIgniter\Boot::runCodeIgniter(Object(CodeIgniter\CodeIgniter))
 7 FCPATH\index.php(57): CodeIgniter\Boot::bootWeb(Object(Config\Paths))
CRITICAL - 2024-12-21 01:01:29 --> CodeIgniter\HTTP\Exceptions\BadRequestException: The URI you submitted has disallowed characters: "Materiales_de_vidrio_como_botellas,_ventanas,_espejos"
[Method: GET, Route: categoria/insertarCategoria/4/Vidrio/Materiales_de_vidrio_como_botellas,_ventanas,_espejos]
in SYSTEMPATH\Router\Router.php on line 736.
 1 SYSTEMPATH\Router\Router.php(203): CodeIgniter\Router\Router->checkDisallowedChars('categoria/insertarCategoria/4/Vidrio/Materiales_de_vidrio_como_botellas,_ventanas,_espejos')
 2 SYSTEMPATH\CodeIgniter.php(834): CodeIgniter\Router\Router->handle('categoria/insertarCategoria/4/Vidrio/Materiales_de_vidrio_como_botellas,_ventanas,_espejos')
 3 SYSTEMPATH\CodeIgniter.php(457): CodeIgniter\CodeIgniter->tryToRouteIt(Object(CodeIgniter\Router\RouteCollection))
 4 SYSTEMPATH\CodeIgniter.php(355): CodeIgniter\CodeIgniter->handleRequest(null, Object(Config\Cache), false)
 5 SYSTEMPATH\Boot.php(312): CodeIgniter\CodeIgniter->run()
 6 SYSTEMPATH\Boot.php(67): CodeIgniter\Boot::runCodeIgniter(Object(CodeIgniter\CodeIgniter))
 7 FCPATH\index.php(57): CodeIgniter\Boot::bootWeb(Object(Config\Paths))
CRITICAL - 2024-12-21 01:02:41 --> CodeIgniter\HTTP\Exceptions\BadRequestException: The URI you submitted has disallowed characters: "Materiales de vidrio como botellas, ventanas, espejos"
[Method: GET, Route: categoria/insertarCategoria/4/Vidrio/Materiales%20de%20vidrio%20como%20botellas,%20ventanas,%20espejos]
in SYSTEMPATH\Router\Router.php on line 736.
 1 SYSTEMPATH\Router\Router.php(203): CodeIgniter\Router\Router->checkDisallowedChars('categoria/insertarCategoria/4/Vidrio/Materiales de vidrio como botellas, ventanas, espejos')
 2 SYSTEMPATH\CodeIgniter.php(834): CodeIgniter\Router\Router->handle('categoria/insertarCategoria/4/Vidrio/Materiales de vidrio como botellas, ventanas, espejos')
 3 SYSTEMPATH\CodeIgniter.php(457): CodeIgniter\CodeIgniter->tryToRouteIt(Object(CodeIgniter\Router\RouteCollection))
 4 SYSTEMPATH\CodeIgniter.php(355): CodeIgniter\CodeIgniter->handleRequest(null, Object(Config\Cache), false)
 5 SYSTEMPATH\Boot.php(312): CodeIgniter\CodeIgniter->run()
 6 SYSTEMPATH\Boot.php(67): CodeIgniter\Boot::runCodeIgniter(Object(CodeIgniter\CodeIgniter))
 7 FCPATH\index.php(57): CodeIgniter\Boot::bootWeb(Object(Config\Paths))
CRITICAL - 2024-12-21 01:11:03 --> CodeIgniter\HTTP\Exceptions\BadRequestException: The URI you submitted has disallowed characters: "Materiales de vidrio como botellas, ventanas, espejos"
[Method: GET, Route: categoria/insertarCategoria/4/Vidrio/Materiales%20de%20vidrio%20como%20botellas,%20ventanas,%20espejos]
in SYSTEMPATH\Router\Router.php on line 736.
 1 SYSTEMPATH\Router\Router.php(203): CodeIgniter\Router\Router->checkDisallowedChars('categoria/insertarCategoria/4/Vidrio/Materiales de vidrio como botellas, ventanas, espejos')
 2 SYSTEMPATH\CodeIgniter.php(834): CodeIgniter\Router\Router->handle('categoria/insertarCategoria/4/Vidrio/Materiales de vidrio como botellas, ventanas, espejos')
 3 SYSTEMPATH\CodeIgniter.php(457): CodeIgniter\CodeIgniter->tryToRouteIt(Object(CodeIgniter\Router\RouteCollection))
 4 SYSTEMPATH\CodeIgniter.php(355): CodeIgniter\CodeIgniter->handleRequest(null, Object(Config\Cache), false)
 5 SYSTEMPATH\Boot.php(312): CodeIgniter\CodeIgniter->run()
 6 SYSTEMPATH\Boot.php(67): CodeIgniter\Boot::runCodeIgniter(Object(CodeIgniter\CodeIgniter))
 7 FCPATH\index.php(57): CodeIgniter\Boot::bootWeb(Object(Config\Paths))
CRITICAL - 2024-12-21 01:18:28 --> CodeIgniter\HTTP\Exceptions\BadRequestException: The URI you submitted has disallowed characters: "Materiales de madera reciclada como tableros, muebles, y más"
[Method: GET, Route: categoria/modificarCategoria/3/Madera%20reciclada/Materiales%20de%20madera%20reciclada%20como%20tableros,%20muebles,%20y%20m%C3%A1s]
in SYSTEMPATH\Router\Router.php on line 736.
 1 SYSTEMPATH\Router\Router.php(203): CodeIgniter\Router\Router->checkDisallowedChars('categoria/modificarCategoria/3/Madera reciclada/Materiales de madera reciclada como tableros, muebles, y más')
 2 SYSTEMPATH\CodeIgniter.php(834): CodeIgniter\Router\Router->handle('categoria/modificarCategoria/3/Madera reciclada/Materiales de madera reciclada como tableros, muebles, y más')
 3 SYSTEMPATH\CodeIgniter.php(457): CodeIgniter\CodeIgniter->tryToRouteIt(Object(CodeIgniter\Router\RouteCollection))
 4 SYSTEMPATH\CodeIgniter.php(355): CodeIgniter\CodeIgniter->handleRequest(null, Object(Config\Cache), false)
 5 SYSTEMPATH\Boot.php(312): CodeIgniter\CodeIgniter->run()
 6 SYSTEMPATH\Boot.php(67): CodeIgniter\Boot::runCodeIgniter(Object(CodeIgniter\CodeIgniter))
 7 FCPATH\index.php(57): CodeIgniter\Boot::bootWeb(Object(Config\Paths))
CRITICAL - 2024-12-21 01:19:02 --> CodeIgniter\HTTP\Exceptions\BadRequestException: The URI you submitted has disallowed characters: "Materiales de madera reciclada como tableros, muebles, y más"
[Method: GET, Route: categoria/modificarCategoria/3/Madera%20reciclada/Materiales%20de%20madera%20reciclada%20como%20tableros,%20muebles,%20y%20m%C3%A1s]
in SYSTEMPATH\Router\Router.php on line 736.
 1 SYSTEMPATH\Router\Router.php(203): CodeIgniter\Router\Router->checkDisallowedChars('categoria/modificarCategoria/3/Madera reciclada/Materiales de madera reciclada como tableros, muebles, y más')
 2 SYSTEMPATH\CodeIgniter.php(834): CodeIgniter\Router\Router->handle('categoria/modificarCategoria/3/Madera reciclada/Materiales de madera reciclada como tableros, muebles, y más')
 3 SYSTEMPATH\CodeIgniter.php(457): CodeIgniter\CodeIgniter->tryToRouteIt(Object(CodeIgniter\Router\RouteCollection))
 4 SYSTEMPATH\CodeIgniter.php(355): CodeIgniter\CodeIgniter->handleRequest(null, Object(Config\Cache), false)
 5 SYSTEMPATH\Boot.php(312): CodeIgniter\CodeIgniter->run()
 6 SYSTEMPATH\Boot.php(67): CodeIgniter\Boot::runCodeIgniter(Object(CodeIgniter\CodeIgniter))
 7 FCPATH\index.php(57): CodeIgniter\Boot::bootWeb(Object(Config\Paths))
CRITICAL - 2024-12-21 01:20:12 --> CodeIgniter\HTTP\Exceptions\BadRequestException: The URI you submitted has disallowed characters: "Materiales de madera reciclada como tableros, muebles, y más"
[Method: GET, Route: categoria/modificarCategoria/3/Madera%20reciclada/Materiales%20de%20madera%20reciclada%20como%20tableros,%20muebles,%20y%20m%C3%A1s]
in SYSTEMPATH\Router\Router.php on line 736.
 1 SYSTEMPATH\Router\Router.php(203): CodeIgniter\Router\Router->checkDisallowedChars('categoria/modificarCategoria/3/Madera reciclada/Materiales de madera reciclada como tableros, muebles, y más')
 2 SYSTEMPATH\CodeIgniter.php(834): CodeIgniter\Router\Router->handle('categoria/modificarCategoria/3/Madera reciclada/Materiales de madera reciclada como tableros, muebles, y más')
 3 SYSTEMPATH\CodeIgniter.php(457): CodeIgniter\CodeIgniter->tryToRouteIt(Object(CodeIgniter\Router\RouteCollection))
 4 SYSTEMPATH\CodeIgniter.php(355): CodeIgniter\CodeIgniter->handleRequest(null, Object(Config\Cache), false)
 5 SYSTEMPATH\Boot.php(312): CodeIgniter\CodeIgniter->run()
 6 SYSTEMPATH\Boot.php(67): CodeIgniter\Boot::runCodeIgniter(Object(CodeIgniter\CodeIgniter))
 7 FCPATH\index.php(57): CodeIgniter\Boot::bootWeb(Object(Config\Paths))
CRITICAL - 2024-12-21 01:20:22 --> CodeIgniter\HTTP\Exceptions\BadRequestException: The URI you submitted has disallowed characters: "Materiales de madera reciclada como tableros, muebles, y más"
[Method: GET, Route: categoria/modificarCategoria/3/Madera%20reciclada/Materiales%20de%20madera%20reciclada%20como%20tableros,%20muebles,%20y%20m%C3%A1s]
in SYSTEMPATH\Router\Router.php on line 736.
 1 SYSTEMPATH\Router\Router.php(203): CodeIgniter\Router\Router->checkDisallowedChars('categoria/modificarCategoria/3/Madera reciclada/Materiales de madera reciclada como tableros, muebles, y más')
 2 SYSTEMPATH\CodeIgniter.php(834): CodeIgniter\Router\Router->handle('categoria/modificarCategoria/3/Madera reciclada/Materiales de madera reciclada como tableros, muebles, y más')
 3 SYSTEMPATH\CodeIgniter.php(457): CodeIgniter\CodeIgniter->tryToRouteIt(Object(CodeIgniter\Router\RouteCollection))
 4 SYSTEMPATH\CodeIgniter.php(355): CodeIgniter\CodeIgniter->handleRequest(null, Object(Config\Cache), false)
 5 SYSTEMPATH\Boot.php(312): CodeIgniter\CodeIgniter->run()
 6 SYSTEMPATH\Boot.php(67): CodeIgniter\Boot::runCodeIgniter(Object(CodeIgniter\CodeIgniter))
 7 FCPATH\index.php(57): CodeIgniter\Boot::bootWeb(Object(Config\Paths))
CRITICAL - 2024-12-21 01:23:22 --> CodeIgniter\HTTP\Exceptions\BadRequestException: The URI you submitted has disallowed characters: "Materiales de madera reciclada como tableros, muebles, y más"
[Method: GET, Route: categoria/modificarCategoria/3/Madera%20reciclada/Materiales%20de%20madera%20reciclada%20como%20tableros,%20muebles,%20y%20m%C3%A1s]
in SYSTEMPATH\Router\Router.php on line 736.
 1 SYSTEMPATH\Router\Router.php(203): CodeIgniter\Router\Router->checkDisallowedChars('categoria/modificarCategoria/3/Madera reciclada/Materiales de madera reciclada como tableros, muebles, y más')
 2 SYSTEMPATH\CodeIgniter.php(834): CodeIgniter\Router\Router->handle('categoria/modificarCategoria/3/Madera reciclada/Materiales de madera reciclada como tableros, muebles, y más')
 3 SYSTEMPATH\CodeIgniter.php(457): CodeIgniter\CodeIgniter->tryToRouteIt(Object(CodeIgniter\Router\RouteCollection))
 4 SYSTEMPATH\CodeIgniter.php(355): CodeIgniter\CodeIgniter->handleRequest(null, Object(Config\Cache), false)
 5 SYSTEMPATH\Boot.php(312): CodeIgniter\CodeIgniter->run()
 6 SYSTEMPATH\Boot.php(67): CodeIgniter\Boot::runCodeIgniter(Object(CodeIgniter\CodeIgniter))
 7 FCPATH\index.php(57): CodeIgniter\Boot::bootWeb(Object(Config\Paths))
CRITICAL - 2024-12-21 01:23:38 --> CodeIgniter\HTTP\Exceptions\BadRequestException: The URI you submitted has disallowed characters: "Materiales de madera reciclada como tableros, muebles, y más"
[Method: GET, Route: categoria/modificarCategoria/3/Madera%20reciclada/Materiales%20de%20madera%20reciclada%20como%20tableros,%20muebles,%20y%20m%C3%A1s]
in SYSTEMPATH\Router\Router.php on line 736.
 1 SYSTEMPATH\Router\Router.php(203): CodeIgniter\Router\Router->checkDisallowedChars('categoria/modificarCategoria/3/Madera reciclada/Materiales de madera reciclada como tableros, muebles, y más')
 2 SYSTEMPATH\CodeIgniter.php(834): CodeIgniter\Router\Router->handle('categoria/modificarCategoria/3/Madera reciclada/Materiales de madera reciclada como tableros, muebles, y más')
 3 SYSTEMPATH\CodeIgniter.php(457): CodeIgniter\CodeIgniter->tryToRouteIt(Object(CodeIgniter\Router\RouteCollection))
 4 SYSTEMPATH\CodeIgniter.php(355): CodeIgniter\CodeIgniter->handleRequest(null, Object(Config\Cache), false)
 5 SYSTEMPATH\Boot.php(312): CodeIgniter\CodeIgniter->run()
 6 SYSTEMPATH\Boot.php(67): CodeIgniter\Boot::runCodeIgniter(Object(CodeIgniter\CodeIgniter))
 7 FCPATH\index.php(57): CodeIgniter\Boot::bootWeb(Object(Config\Paths))
