ERROR - 2024-08-01 17:57:19 --> mysqli_sql_exception: Duplicate entry '1732692690' for key 'PRIMARY' in C:\xampp\htdocs\DeberApi6\system\Database\MySQLi\Connection.php:308
Stack trace:
#0 C:\xampp\htdocs\DeberApi6\system\Database\MySQLi\Connection.php(308): mysqli->query('INSERT INTO `cl...', 0)
#1 C:\xampp\htdocs\DeberApi6\system\Database\BaseConnection.php(722): CodeIgniter\Database\MySQLi\Connection->execute('INSERT INTO `cl...')
#2 C:\xampp\htdocs\DeberApi6\system\Database\BaseConnection.php(636): CodeIgniter\Database\BaseConnection->simpleQuery('INSERT INTO `cl...')
#3 C:\xampp\htdocs\DeberApi6\system\Database\BaseBuilder.php(2325): CodeIgniter\Database\BaseConnection->query('INSERT INTO `cl...', Array, false)
#4 C:\xampp\htdocs\DeberApi6\app\Controllers\Home.php(26): CodeIgniter\Database\BaseBuilder->insert(Array)
#5 C:\xampp\htdocs\DeberApi6\system\CodeIgniter.php(933): App\Controllers\Home->insertarCliente('1732692690', 'Mario', '40', 'Mache')
#6 C:\xampp\htdocs\DeberApi6\system\CodeIgniter.php(509): CodeIgniter\CodeIgniter->runController(Object(App\Controllers\Home))
#7 C:\xampp\htdocs\DeberApi6\system\CodeIgniter.php(355): CodeIgniter\CodeIgniter->handleRequest(NULL, Object(Config\Cache), false)
#8 C:\xampp\htdocs\DeberApi6\system\Boot.php(312): CodeIgniter\CodeIgniter->run()
#9 C:\xampp\htdocs\DeberApi6\system\Boot.php(67): CodeIgniter\Boot::runCodeIgniter(Object(CodeIgniter\CodeIgniter))
#10 C:\xampp\htdocs\DeberApi6\index.php(57): CodeIgniter\Boot::bootWeb(Object(Config\Paths))
#11 {main}
ERROR - 2024-08-01 18:49:01 --> mysqli_sql_exception: Duplicate entry '1732692690' for key 'PRIMARY' in C:\xampp\htdocs\DeberApi6\system\Database\MySQLi\Connection.php:308
Stack trace:
#0 C:\xampp\htdocs\DeberApi6\system\Database\MySQLi\Connection.php(308): mysqli->query('INSERT INTO `cl...', 0)
#1 C:\xampp\htdocs\DeberApi6\system\Database\BaseConnection.php(722): CodeIgniter\Database\MySQLi\Connection->execute('INSERT INTO `cl...')
#2 C:\xampp\htdocs\DeberApi6\system\Database\BaseConnection.php(636): CodeIgniter\Database\BaseConnection->simpleQuery('INSERT INTO `cl...')
#3 C:\xampp\htdocs\DeberApi6\system\Database\BaseBuilder.php(2325): CodeIgniter\Database\BaseConnection->query('INSERT INTO `cl...', Array, false)
#4 C:\xampp\htdocs\DeberApi6\app\Controllers\Home.php(26): CodeIgniter\Database\BaseBuilder->insert(Array)
#5 C:\xampp\htdocs\DeberApi6\system\CodeIgniter.php(933): App\Controllers\Home->insertarCliente('1732692690', 'Mario', '40', 'Mache')
#6 C:\xampp\htdocs\DeberApi6\system\CodeIgniter.php(509): CodeIgniter\CodeIgniter->runController(Object(App\Controllers\Home))
#7 C:\xampp\htdocs\DeberApi6\system\CodeIgniter.php(355): CodeIgniter\CodeIgniter->handleRequest(NULL, Object(Config\Cache), false)
#8 C:\xampp\htdocs\DeberApi6\system\Boot.php(312): CodeIgniter\CodeIgniter->run()
#9 C:\xampp\htdocs\DeberApi6\system\Boot.php(67): CodeIgniter\Boot::runCodeIgniter(Object(CodeIgniter\CodeIgniter))
#10 C:\xampp\htdocs\DeberApi6\index.php(57): CodeIgniter\Boot::bootWeb(Object(Config\Paths))
#11 {main}
ERROR - 2024-08-01 21:19:49 --> mysqli_sql_exception: Cannot delete or update a parent row: a foreign key constraint fails (`app deber # 3-6`.`compra`, CONSTRAINT `Fk_tabla cliente_compra` FOREIGN KEY (`Cedula`) REFERENCES `cliente` (`Cedula`)) in C:\xampp\htdocs\DeberApi6\system\Database\MySQLi\Connection.php:308
Stack trace:
#0 C:\xampp\htdocs\DeberApi6\system\Database\MySQLi\Connection.php(308): mysqli->query('DELETE FROM `cl...', 0)
#1 C:\xampp\htdocs\DeberApi6\system\Database\BaseConnection.php(722): CodeIgniter\Database\MySQLi\Connection->execute('DELETE FROM `cl...')
#2 C:\xampp\htdocs\DeberApi6\system\Database\BaseConnection.php(636): CodeIgniter\Database\BaseConnection->simpleQuery('DELETE FROM `cl...')
#3 C:\xampp\htdocs\DeberApi6\system\Database\BaseBuilder.php(2823): CodeIgniter\Database\BaseConnection->query('DELETE FROM `cl...', Array, false)
#4 C:\xampp\htdocs\DeberApi6\app\Controllers\Home.php(78): CodeIgniter\Database\BaseBuilder->delete()
#5 C:\xampp\htdocs\DeberApi6\system\CodeIgniter.php(933): App\Controllers\Home->eliminarCliente('1725032690')
#6 C:\xampp\htdocs\DeberApi6\system\CodeIgniter.php(509): CodeIgniter\CodeIgniter->runController(Object(App\Controllers\Home))
#7 C:\xampp\htdocs\DeberApi6\system\CodeIgniter.php(355): CodeIgniter\CodeIgniter->handleRequest(NULL, Object(Config\Cache), false)
#8 C:\xampp\htdocs\DeberApi6\system\Boot.php(312): CodeIgniter\CodeIgniter->run()
#9 C:\xampp\htdocs\DeberApi6\system\Boot.php(67): CodeIgniter\Boot::runCodeIgniter(Object(CodeIgniter\CodeIgniter))
#10 C:\xampp\htdocs\DeberApi6\index.php(57): CodeIgniter\Boot::bootWeb(Object(Config\Paths))
#11 {main}
ERROR - 2024-08-01 21:20:56 --> mysqli_sql_exception: Cannot delete or update a parent row: a foreign key constraint fails (`app deber # 3-6`.`compra`, CONSTRAINT `Fk_tabla cliente_compra` FOREIGN KEY (`Cedula`) REFERENCES `cliente` (`Cedula`)) in C:\xampp\htdocs\DeberApi6\system\Database\MySQLi\Connection.php:308
Stack trace:
#0 C:\xampp\htdocs\DeberApi6\system\Database\MySQLi\Connection.php(308): mysqli->query('DELETE FROM `cl...', 0)
#1 C:\xampp\htdocs\DeberApi6\system\Database\BaseConnection.php(722): CodeIgniter\Database\MySQLi\Connection->execute('DELETE FROM `cl...')
#2 C:\xampp\htdocs\DeberApi6\system\Database\BaseConnection.php(636): CodeIgniter\Database\BaseConnection->simpleQuery('DELETE FROM `cl...')
#3 C:\xampp\htdocs\DeberApi6\system\Database\BaseBuilder.php(2823): CodeIgniter\Database\BaseConnection->query('DELETE FROM `cl...', Array, false)
#4 C:\xampp\htdocs\DeberApi6\app\Controllers\Home.php(78): CodeIgniter\Database\BaseBuilder->delete()
#5 C:\xampp\htdocs\DeberApi6\system\CodeIgniter.php(933): App\Controllers\Home->eliminarCliente('1725032690')
#6 C:\xampp\htdocs\DeberApi6\system\CodeIgniter.php(509): CodeIgniter\CodeIgniter->runController(Object(App\Controllers\Home))
#7 C:\xampp\htdocs\DeberApi6\system\CodeIgniter.php(355): CodeIgniter\CodeIgniter->handleRequest(NULL, Object(Config\Cache), false)
#8 C:\xampp\htdocs\DeberApi6\system\Boot.php(312): CodeIgniter\CodeIgniter->run()
#9 C:\xampp\htdocs\DeberApi6\system\Boot.php(67): CodeIgniter\Boot::runCodeIgniter(Object(CodeIgniter\CodeIgniter))
#10 C:\xampp\htdocs\DeberApi6\index.php(57): CodeIgniter\Boot::bootWeb(Object(Config\Paths))
#11 {main}
ERROR - 2024-08-01 21:40:08 --> mysqli_sql_exception: Duplicate entry '1725032690' for key 'PRIMARY' in C:\xampp\htdocs\DeberApi6\system\Database\MySQLi\Connection.php:308
Stack trace:
#0 C:\xampp\htdocs\DeberApi6\system\Database\MySQLi\Connection.php(308): mysqli->query('INSERT INTO `cl...', 0)
#1 C:\xampp\htdocs\DeberApi6\system\Database\BaseConnection.php(722): CodeIgniter\Database\MySQLi\Connection->execute('INSERT INTO `cl...')
#2 C:\xampp\htdocs\DeberApi6\system\Database\BaseConnection.php(636): CodeIgniter\Database\BaseConnection->simpleQuery('INSERT INTO `cl...')
#3 C:\xampp\htdocs\DeberApi6\system\Database\BaseBuilder.php(2325): CodeIgniter\Database\BaseConnection->query('INSERT INTO `cl...', Array, false)
#4 C:\xampp\htdocs\DeberApi6\app\Controllers\Home.php(46): CodeIgniter\Database\BaseBuilder->insert(Array)
#5 C:\xampp\htdocs\DeberApi6\system\CodeIgniter.php(933): App\Controllers\Home->insertarCliente('1725032690', 'JairAveiga', '32', 'Pedernales')
#6 C:\xampp\htdocs\DeberApi6\system\CodeIgniter.php(509): CodeIgniter\CodeIgniter->runController(Object(App\Controllers\Home))
#7 C:\xampp\htdocs\DeberApi6\system\CodeIgniter.php(355): CodeIgniter\CodeIgniter->handleRequest(NULL, Object(Config\Cache), false)
#8 C:\xampp\htdocs\DeberApi6\system\Boot.php(312): CodeIgniter\CodeIgniter->run()
#9 C:\xampp\htdocs\DeberApi6\system\Boot.php(67): CodeIgniter\Boot::runCodeIgniter(Object(CodeIgniter\CodeIgniter))
#10 C:\xampp\htdocs\DeberApi6\index.php(57): CodeIgniter\Boot::bootWeb(Object(Config\Paths))
#11 {main}
